<?xml version="1.0" encoding="UTF-8"?>
<!-- Generated by org.testng.reporters.JUnitXMLReporter -->
<testsuite hostname="DESKTOP-QVO712U" name="Test" tests="1" failures="1" timestamp="4 Apr 2021 10:36:07 GMT" time="2.965" errors="0">
  <testcase name="test3" time="2.947" classname="demoTests.demoClass">
    <failure type="java.lang.NullPointerException">
      <![CDATA[java.lang.NullPointerException
	at Utilities.TestReprorter.log(TestReprorter.java:28)
	at Exceptions.usrexceptions.traceException(usrexceptions.java:36)
	at demoTests.demoClass.test3(demoClass.java:61)
... Removed 25 stack frames]]>
    </failure>
  </testcase> <!-- test3 -->
</testsuite> <!-- Test -->
