<?xml version="1.0" encoding="UTF-8"?>
<testng-results skipped="1" failed="0" total="1" passed="0">
  <reporter-output>
  </reporter-output>
  <suite name="Default suite" duration-ms="42" started-at="2021-04-09T15:03:22Z" finished-at="2021-04-09T15:03:22Z">
    <groups>
    </groups>
    <test name="Default test" duration-ms="42" started-at="2021-04-09T15:03:22Z" finished-at="2021-04-09T15:03:22Z">
      <class name="demoTests.demoClasstest">
        <test-method status="FAIL" signature="intilizer(java.lang.String)[pri:0, instance:demoTests.demoClasstest@5e3a8624]" name="intilizer" is-config="true" duration-ms="0" started-at="2021-04-09T20:33:22Z" finished-at="2021-04-09T20:33:22Z">
          <exception class="org.testng.TestNGException">
            <message>
              <![CDATA[
Parameter 'browser' is required by @Configuration on method intilizer but has not been marked @Optional or defined
in C:\Users\Admin\AppData\Local\Temp\testng-eclipse-1221129974\testng-customsuite.xml]]>
            </message>
            <full-stacktrace>
              <![CDATA[org.testng.TestNGException: 
Parameter 'browser' is required by @Configuration on method intilizer but has not been marked @Optional or defined
in C:\Users\Admin\AppData\Local\Temp\testng-eclipse-1221129974\testng-customsuite.xml
	at org.testng.internal.Parameters.createParameters(Parameters.java:156)
	at org.testng.internal.Parameters.createParameters(Parameters.java:370)
	at org.testng.internal.Parameters.createConfigurationParameters(Parameters.java:86)
	at org.testng.internal.Invoker.invokeConfigurations(Invoker.java:202)
	at org.testng.internal.Invoker.invokeConfigurations(Invoker.java:143)
	at org.testng.SuiteRunner.privateRun(SuiteRunner.java:307)
	at org.testng.SuiteRunner.run(SuiteRunner.java:270)
	at org.testng.SuiteRunnerWorker.runSuite(SuiteRunnerWorker.java:52)
	at org.testng.SuiteRunnerWorker.run(SuiteRunnerWorker.java:86)
	at org.testng.TestNG.runSuitesSequentially(TestNG.java:1284)
	at org.testng.TestNG.runSuitesLocally(TestNG.java:1209)
	at org.testng.TestNG.runSuites(TestNG.java:1124)
	at org.testng.TestNG.run(TestNG.java:1096)
	at org.testng.remote.AbstractRemoteTestNG.run(AbstractRemoteTestNG.java:132)
	at org.testng.remote.RemoteTestNG.initAndRun(RemoteTestNG.java:236)
	at org.testng.remote.RemoteTestNG.main(RemoteTestNG.java:81)
]]>
            </full-stacktrace>
          </exception> <!-- org.testng.TestNGException -->
          <reporter-output>
          </reporter-output>
        </test-method> <!-- intilizer -->
        <test-method status="SKIP" signature="beforeMethod(java.lang.reflect.Method)[pri:0, instance:demoTests.demoClasstest@5e3a8624]" name="beforeMethod" is-config="true" duration-ms="0" started-at="2021-04-09T20:33:22Z" finished-at="2021-04-09T20:33:22Z">
          <reporter-output>
          </reporter-output>
        </test-method> <!-- beforeMethod -->
        <test-method status="SKIP" signature="test3()[pri:0, instance:demoTests.demoClasstest@5e3a8624]" name="test3" duration-ms="7" started-at="2021-04-09T20:33:22Z" finished-at="2021-04-09T20:33:22Z">
          <reporter-output>
          </reporter-output>
        </test-method> <!-- test3 -->
        <test-method status="SKIP" signature="tearDown()[pri:0, instance:demoTests.demoClasstest@5e3a8624]" name="tearDown" is-config="true" duration-ms="0" started-at="2021-04-09T20:33:22Z" finished-at="2021-04-09T20:33:22Z">
          <reporter-output>
          </reporter-output>
        </test-method> <!-- tearDown -->
      </class> <!-- demoTests.demoClasstest -->
    </test> <!-- Default test -->
  </suite> <!-- Default suite -->
</testng-results>
